[2025-10-31 18:07:12] [https-jsse-nio-3000-exec-4] [ERROR] o.s.g.e.ExceptionResolversExceptionHandler - Unresolved BindException for executionId 3dc1cfbc-caa5-43cb-2b84-60279acdd8cf
org.springframework.validation.BindException: org.springframework.graphql.data.GraphQlArgumentBinder$ArgumentsBindingResult: 1 errors
Field error in object 'long' on field '$': rejected value [caca]; codes [typeMismatch.long,typeMismatch]; arguments []; default message [Failed to convert argument value]
	at org.springframework.graphql.data.GraphQlArgumentBinder.bind(GraphQlArgumentBinder.java:158)
	at org.springframework.graphql.data.GraphQlArgumentBinder.bind(GraphQlArgumentBinder.java:140)
	at org.springframework.graphql.data.method.annotation.support.ArgumentMethodArgumentResolver.doBind(ArgumentMethodArgumentResolver.java:96)
	at org.springframework.graphql.data.method.annotation.support.ArgumentMethodArgumentResolver.resolveArgument(ArgumentMethodArgumentResolver.java:82)
	at org.springframework.graphql.data.method.HandlerMethodArgumentResolverComposite.resolveArgument(HandlerMethodArgumentResolverComposite.java:83)
	at org.springframework.graphql.data.method.annotation.support.DataFetcherHandlerMethodSupport.getMethodArgumentValues(DataFetcherHandlerMethodSupport.java:92)
	at org.springframework.graphql.data.method.annotation.support.DataFetcherHandlerMethod.invoke(DataFetcherHandlerMethod.java:118)
	at org.springframework.graphql.data.method.annotation.support.DataFetcherHandlerMethod.invoke(DataFetcherHandlerMethod.java:103)
	at org.springframework.graphql.data.method.annotation.support.AnnotatedControllerConfigurer$SchemaMappingDataFetcher.get(AnnotatedControllerConfigurer.java:521)
	at org.springframework.graphql.execution.ContextDataFetcherDecorator.lambda$get$0(ContextDataFetcherDecorator.java:92)
	at io.micrometer.context.ContextSnapshot.lambda$wrap$1(ContextSnapshot.java:106)
	at org.springframework.graphql.execution.ContextDataFetcherDecorator.get(ContextDataFetcherDecorator.java:92)
	at graphql.execution.ExecutionStrategy.invokeDataFetcher(ExecutionStrategy.java:510)
	at graphql.execution.ExecutionStrategy.fetchField(ExecutionStrategy.java:464)
	at graphql.execution.ExecutionStrategy.fetchField(ExecutionStrategy.java:404)
	at graphql.execution.ExecutionStrategy.resolveFieldWithInfo(ExecutionStrategy.java:363)
	at graphql.execution.ExecutionStrategy.getAsyncFieldValueInfo(ExecutionStrategy.java:328)
	at graphql.execution.AsyncExecutionStrategy.execute(AsyncExecutionStrategy.java:57)
	at graphql.execution.Execution.executeOperation(Execution.java:205)
	at graphql.execution.Execution.execute(Execution.java:124)
	at graphql.GraphQL.execute(GraphQL.java:549)
	at graphql.GraphQL.lambda$parseValidateAndExecute$13(GraphQL.java:479)
	at java.base/java.util.concurrent.CompletableFuture.uniComposeStage(CompletableFuture.java:1208)
	at java.base/java.util.concurrent.CompletableFuture.thenCompose(CompletableFuture.java:2368)
	at graphql.EngineRunningState.compose(EngineRunningState.java:87)
	at graphql.GraphQL.parseValidateAndExecute(GraphQL.java:474)
	at graphql.GraphQL.lambda$executeAsync$9(GraphQL.java:434)
	at java.base/java.util.concurrent.CompletableFuture.uniComposeStage(CompletableFuture.java:1208)
	at java.base/java.util.concurrent.CompletableFuture.thenCompose(CompletableFuture.java:2368)
	at graphql.EngineRunningState.compose(EngineRunningState.java:87)
	at graphql.GraphQL.lambda$executeAsync$10(GraphQL.java:423)
	at graphql.EngineRunningState.call(EngineRunningState.java:198)
	at graphql.GraphQL.executeAsync(GraphQL.java:416)
	at org.springframework.graphql.execution.DefaultExecutionGraphQlService.lambda$execute$4(DefaultExecutionGraphQlService.java:97)
	at reactor.core.publisher.MonoDeferContextual.subscribe(MonoDeferContextual.java:47)
	at reactor.core.publisher.Mono.subscribe(Mono.java:4576)
	at reactor.core.publisher.Mono.subscribeWith(Mono.java:4641)
	at reactor.core.publisher.Mono.toFuture(Mono.java:5153)
	at org.springframework.graphql.server.webmvc.GraphQlHttpHandler.prepareResponse(GraphQlHttpHandler.java:119)
	at org.springframework.graphql.server.webmvc.AbstractGraphQlHttpHandler.handleRequest(AbstractGraphQlHttpHandler.java:137)
	at org.springframework.web.servlet.function.support.HandlerFunctionAdapter.handle(HandlerFunctionAdapter.java:108)
	at org.springframework.web.servlet.DispatcherServlet.doDispatch(DispatcherServlet.java:1089)
	at org.springframework.web.servlet.DispatcherServlet.doService(DispatcherServlet.java:979)
	at org.springframework.web.servlet.FrameworkServlet.processRequest(FrameworkServlet.java:1014)
	at org.springframework.web.servlet.FrameworkServlet.doPost(FrameworkServlet.java:914)
	at jakarta.servlet.http.HttpServlet.service(HttpServlet.java:590)
	at org.springframework.web.servlet.FrameworkServlet.service(FrameworkServlet.java:885)
	at jakarta.servlet.http.HttpServlet.service(HttpServlet.java:658)
	at org.apache.catalina.core.ApplicationFilterChain.internalDoFilter(ApplicationFilterChain.java:195)
	at org.apache.catalina.core.ApplicationFilterChain.doFilter(ApplicationFilterChain.java:140)
	at org.apache.tomcat.websocket.server.WsFilter.doFilter(WsFilter.java:51)
	at org.apache.catalina.core.ApplicationFilterChain.internalDoFilter(ApplicationFilterChain.java:164)
	at org.apache.catalina.core.ApplicationFilterChain.doFilter(ApplicationFilterChain.java:140)
	at org.springframework.web.filter.OncePerRequestFilter.doFilter(OncePerRequestFilter.java:110)
	at org.apache.catalina.core.ApplicationFilterChain.internalDoFilter(ApplicationFilterChain.java:164)
	at org.apache.catalina.core.ApplicationFilterChain.doFilter(ApplicationFilterChain.java:140)
	at org.springframework.web.filter.CompositeFilter$VirtualFilterChain.doFilter(CompositeFilter.java:108)
	at org.springframework.web.filter.CompositeFilter$VirtualFilterChain.doFilter(CompositeFilter.java:108)
	at org.springframework.security.web.FilterChainProxy.lambda$doFilterInternal$3(FilterChainProxy.java:231)
	at org.springframework.security.web.FilterChainProxy$VirtualFilterChain.doFilter(FilterChainProxy.java:365)
	at org.springframework.security.web.access.intercept.AuthorizationFilter.doFilter(AuthorizationFilter.java:101)
	at org.springframework.security.web.FilterChainProxy$VirtualFilterChain.doFilter(FilterChainProxy.java:374)
	at org.springframework.security.web.access.ExceptionTranslationFilter.doFilter(ExceptionTranslationFilter.java:125)
	at org.springframework.security.web.access.ExceptionTranslationFilter.doFilter(ExceptionTranslationFilter.java:119)
	at org.springframework.security.web.FilterChainProxy$VirtualFilterChain.doFilter(FilterChainProxy.java:374)
	at org.springframework.security.web.session.SessionManagementFilter.doFilter(SessionManagementFilter.java:131)
	at org.springframework.security.web.session.SessionManagementFilter.doFilter(SessionManagementFilter.java:85)
	at org.springframework.security.web.FilterChainProxy$VirtualFilterChain.doFilter(FilterChainProxy.java:374)
	at org.springframework.security.web.authentication.AnonymousAuthenticationFilter.doFilter(AnonymousAuthenticationFilter.java:100)
	at org.springframework.security.web.FilterChainProxy$VirtualFilterChain.doFilter(FilterChainProxy.java:374)
	at org.springframework.security.web.servletapi.SecurityContextHolderAwareRequestFilter.doFilter(SecurityContextHolderAwareRequestFilter.java:179)
	at org.springframework.security.web.FilterChainProxy$VirtualFilterChain.doFilter(FilterChainProxy.java:374)
	at org.springframework.security.web.savedrequest.RequestCacheAwareFilter.doFilter(RequestCacheAwareFilter.java:63)
	at org.springframework.security.web.FilterChainProxy$VirtualFilterChain.doFilter(FilterChainProxy.java:374)
	at dev.joseluisgs.tiendaapispringboot.config.auth.JwtAuthenticationFilter.doFilterInternal(JwtAuthenticationFilter.java:48)
	at org.springframework.web.filter.OncePerRequestFilter.doFilter(OncePerRequestFilter.java:116)
	at org.springframework.security.web.FilterChainProxy$VirtualFilterChain.doFilter(FilterChainProxy.java:374)
	at org.springframework.security.web.authentication.logout.LogoutFilter.doFilter(LogoutFilter.java:107)
	at org.springframework.security.web.authentication.logout.LogoutFilter.doFilter(LogoutFilter.java:93)
	at org.springframework.security.web.FilterChainProxy$VirtualFilterChain.doFilter(FilterChainProxy.java:374)
	at org.springframework.security.web.header.HeaderWriterFilter.doHeadersAfter(HeaderWriterFilter.java:90)
	at org.springframework.security.web.header.HeaderWriterFilter.doFilterInternal(HeaderWriterFilter.java:75)
	at org.springframework.web.filter.OncePerRequestFilter.doFilter(OncePerRequestFilter.java:116)
	at org.springframework.security.web.FilterChainProxy$VirtualFilterChain.doFilter(FilterChainProxy.java:374)
	at org.springframework.security.web.context.SecurityContextHolderFilter.doFilter(SecurityContextHolderFilter.java:82)
	at org.springframework.security.web.context.SecurityContextHolderFilter.doFilter(SecurityContextHolderFilter.java:69)
	at org.springframework.security.web.FilterChainProxy$VirtualFilterChain.doFilter(FilterChainProxy.java:374)
	at org.springframework.security.web.context.request.async.WebAsyncManagerIntegrationFilter.doFilterInternal(WebAsyncManagerIntegrationFilter.java:62)
	at org.springframework.web.filter.OncePerRequestFilter.doFilter(OncePerRequestFilter.java:116)
	at org.springframework.security.web.FilterChainProxy$VirtualFilterChain.doFilter(FilterChainProxy.java:374)
	at org.springframework.security.web.session.DisableEncodeUrlFilter.doFilterInternal(DisableEncodeUrlFilter.java:42)
	at org.springframework.web.filter.OncePerRequestFilter.doFilter(OncePerRequestFilter.java:116)
	at org.springframework.security.web.FilterChainProxy$VirtualFilterChain.doFilter(FilterChainProxy.java:374)
	at org.springframework.security.web.FilterChainProxy.doFilterInternal(FilterChainProxy.java:233)
	at org.springframework.security.web.FilterChainProxy.doFilter(FilterChainProxy.java:191)
	at org.springframework.web.filter.CompositeFilter$VirtualFilterChain.doFilter(CompositeFilter.java:113)
	at org.springframework.web.filter.ServletRequestPathFilter.doFilter(ServletRequestPathFilter.java:52)
	at org.springframework.web.filter.CompositeFilter$VirtualFilterChain.doFilter(CompositeFilter.java:113)
	at org.springframework.web.filter.CompositeFilter.doFilter(CompositeFilter.java:74)
	at org.springframework.security.config.annotation.web.configuration.WebSecurityConfiguration$CompositeFilterChainProxy.doFilter(WebSecurityConfiguration.java:319)
	at org.springframework.web.filter.CompositeFilter$VirtualFilterChain.doFilter(CompositeFilter.java:113)
	at org.springframework.web.servlet.handler.HandlerMappingIntrospector.lambda$createCacheFilter$4(HandlerMappingIntrospector.java:267)
	at org.springframework.web.filter.CompositeFilter$VirtualFilterChain.doFilter(CompositeFilter.java:113)
	at org.springframework.web.filter.CompositeFilter.doFilter(CompositeFilter.java:74)
	at org.springframework.security.config.annotation.web.configuration.WebMvcSecurityConfiguration$CompositeFilterChainProxy.doFilter(WebMvcSecurityConfiguration.java:240)
	at org.springframework.web.filter.DelegatingFilterProxy.invokeDelegate(DelegatingFilterProxy.java:362)
	at org.springframework.web.filter.DelegatingFilterProxy.doFilter(DelegatingFilterProxy.java:278)
	at org.apache.catalina.core.ApplicationFilterChain.internalDoFilter(ApplicationFilterChain.java:164)
	at org.apache.catalina.core.ApplicationFilterChain.doFilter(ApplicationFilterChain.java:140)
	at org.springframework.web.filter.RequestContextFilter.doFilterInternal(RequestContextFilter.java:100)
	at org.springframework.web.filter.OncePerRequestFilter.doFilter(OncePerRequestFilter.java:116)
	at org.apache.catalina.core.ApplicationFilterChain.internalDoFilter(ApplicationFilterChain.java:164)
	at org.apache.catalina.core.ApplicationFilterChain.doFilter(ApplicationFilterChain.java:140)
	at org.springframework.web.filter.FormContentFilter.doFilterInternal(FormContentFilter.java:93)
	at org.springframework.web.filter.OncePerRequestFilter.doFilter(OncePerRequestFilter.java:116)
	at org.apache.catalina.core.ApplicationFilterChain.internalDoFilter(ApplicationFilterChain.java:164)
	at org.apache.catalina.core.ApplicationFilterChain.doFilter(ApplicationFilterChain.java:140)
	at org.springframework.web.filter.CharacterEncodingFilter.doFilterInternal(CharacterEncodingFilter.java:201)
	at org.springframework.web.filter.OncePerRequestFilter.doFilter(OncePerRequestFilter.java:116)
	at org.apache.catalina.core.ApplicationFilterChain.internalDoFilter(ApplicationFilterChain.java:164)
	at org.apache.catalina.core.ApplicationFilterChain.doFilter(ApplicationFilterChain.java:140)
	at org.apache.catalina.core.StandardWrapperValve.invoke(StandardWrapperValve.java:167)
	at org.apache.catalina.core.StandardContextValve.invoke(StandardContextValve.java:90)
	at org.apache.catalina.authenticator.AuthenticatorBase.invoke(AuthenticatorBase.java:483)
	at org.apache.catalina.core.StandardHostValve.invoke(StandardHostValve.java:116)
	at org.apache.catalina.valves.ErrorReportValve.invoke(ErrorReportValve.java:93)
	at org.apache.catalina.core.StandardEngineValve.invoke(StandardEngineValve.java:74)
	at org.apache.catalina.connector.CoyoteAdapter.service(CoyoteAdapter.java:344)
	at org.apache.coyote.http11.Http11Processor.service(Http11Processor.java:398)
	at org.apache.coyote.AbstractProcessorLight.process(AbstractProcessorLight.java:63)
	at org.apache.coyote.AbstractProtocol$ConnectionHandler.process(AbstractProtocol.java:903)
	at org.apache.tomcat.util.net.NioEndpoint$SocketProcessor.doRun(NioEndpoint.java:1776)
	at org.apache.tomcat.util.net.SocketProcessorBase.run(SocketProcessorBase.java:52)
	at org.apache.tomcat.util.threads.ThreadPoolExecutor.runWorker(ThreadPoolExecutor.java:975)
	at org.apache.tomcat.util.threads.ThreadPoolExecutor$Worker.run(ThreadPoolExecutor.java:493)
	at org.apache.tomcat.util.threads.TaskThread$WrappingRunnable.run(TaskThread.java:63)
	at java.base/java.lang.Thread.run(Thread.java:1474)
